【登录信息】
*789a5f333977912cc5de4ca3e10c8482*
`登陆天数: 6天 / 6天
等级: 1
石头: 36
呼符: 17
体力: 1322.1433333333334 / 20
友情点: 0 / 10`
*連続ログイン6日目
※ログインが途切れるか、7日到達すると
1日目から再開されます*
`聖晶石 X 2
2月交換券(2025) X 1
`_2025-01-31 19:32:53_
--------
*225bc7ac4aaa1e606a628e990fe2d398*
`登陆天数: 6天 / 6天
等级: 1
石头: 36
呼符: 17
体力: 1326.3933333333334 / 20
友情点: 0 / 10`
*連続ログイン6日目
※ログインが途切れるか、7日到達すると
1日目から再開されます*
`聖晶石 X 2
2月交換券(2025) X 1
`_2025-01-31 19:33:00_
--------
*962012d09b8170d912f0669f6d7d9d07*
`登陆天数: 6天 / 6天
等级: 1
石头: 36
呼符: 17
体力: 1329.5933333333332 / 20
友情点: 0 / 10`
*連続ログイン6日目
※ログインが途切れるか、7日到達すると
1日目から再開されます*
`聖晶石 X 2
2月交換券(2025) X 1
`_2025-01-31 19:33:08_
--------
*3324fa69471d203db0ef7fb0799ade3d*
`登陆天数: 6天 / 6天
等级: 1
石头: 36
呼符: 17
体力: 1320.9966666666667 / 20
友情点: 0 / 10`
*連続ログイン6日目
※ログインが途切れるか、7日到達すると
1日目から再開されます*
`聖晶石 X 2
2月交換券(2025) X 1
`_2025-01-31 19:33:16_
--------
