【登录信息】
*789a5f333977912cc5de4ca3e10c8482*
`登陆天数: 7天 / 7天
等级: 1
石头: 53
呼符: 17
体力: 1610.0566666666666 / 20
友情点: 0 / 10`
*連続ログイン7日間到達おめでとうございます！
明日は1日目からリスタートされます。*
`獣の足跡 X 1
呼符 X 1
2月交換券(2025) X 1
`_2025-02-01 19:32:27_
--------
*225bc7ac4aaa1e606a628e990fe2d398*
`登陆天数: 7天 / 7天
等级: 1
石头: 53
呼符: 17
体力: 1614.3066666666666 / 20
友情点: 0 / 10`
*連続ログイン7日間到達おめでとうございます！
明日は1日目からリスタートされます。*
`獣の足跡 X 1
呼符 X 1
2月交換券(2025) X 1
`_2025-02-01 19:32:35_
--------
*962012d09b8170d912f0669f6d7d9d07*
`登陆天数: 7天 / 7天
等级: 1
石头: 53
呼符: 17
体力: 1617.5066666666667 / 20
友情点: 0 / 10`
*連続ログイン7日間到達おめでとうございます！
明日は1日目からリスタートされます。*
`獣の足跡 X 1
呼符 X 1
2月交換券(2025) X 1
`_2025-02-01 19:32:42_
--------
*3324fa69471d203db0ef7fb0799ade3d*
`登陆天数: 7天 / 7天
等级: 1
石头: 53
呼符: 17
体力: 1608.91 / 20
友情点: 0 / 10`
*連続ログイン7日間到達おめでとうございます！
明日は1日目からリスタートされます。*
`獣の足跡 X 1
呼符 X 1
2月交換券(2025) X 1
`_2025-02-01 19:32:49_
--------
