【登录信息】
*789a5f333977912cc5de4ca3e10c8482*
`登陆天数: 8天 / 8天
等级: 1
石头: 83
呼符: 28
体力: 1898.0166666666667 / 20
友情点: 0 / 10`
*連続ログイン1日目
※ログインが途切れるか、7日到達すると
1日目から再開されます*
`フレンドポイント X 2000
2月交換券(2025) X 1
`_2025-02-02 19:32:15_
--------
*225bc7ac4aaa1e606a628e990fe2d398*
`登陆天数: 8天 / 8天
等级: 1
石头: 83
呼符: 28
体力: 1902.2666666666667 / 20
友情点: 0 / 10`
*連続ログイン1日目
※ログインが途切れるか、7日到達すると
1日目から再開されます*
`フレンドポイント X 2000
2月交換券(2025) X 1
`_2025-02-02 19:32:22_
--------
*962012d09b8170d912f0669f6d7d9d07*
`登陆天数: 8天 / 8天
等级: 1
石头: 83
呼符: 28
体力: 1905.4666666666667 / 20
友情点: 0 / 10`
*連続ログイン1日目
※ログインが途切れるか、7日到達すると
1日目から再開されます*
`フレンドポイント X 2000
2月交換券(2025) X 1
`_2025-02-02 19:32:30_
--------
*3324fa69471d203db0ef7fb0799ade3d*
`登陆天数: 8天 / 8天
等级: 1
石头: 83
呼符: 28
体力: 1896.87 / 20
友情点: 0 / 10`
*連続ログイン1日目
※ログインが途切れるか、7日到達すると
1日目から再開されます*
`フレンドポイント X 2000
2月交換券(2025) X 1
`_2025-02-02 19:32:37_
--------
