【登录信息】
*789a5f333977912cc5de4ca3e10c8482*
`登陆天数: 1天 / 1天
等级: 1
石头: 4
呼符: 5
体力: 24.95 / 20
友情点: 0 / 4010`
_2025-01-27 07:26:55_
--------
*225bc7ac4aaa1e606a628e990fe2d398*
`登陆天数: 1天 / 1天
等级: 1
石头: 4
呼符: 7
体力: 29.196666666666665 / 20
友情点: 0 / 4010`
_2025-01-27 07:27:02_
--------
*962012d09b8170d912f0669f6d7d9d07*
`登陆天数: 1天 / 1天
等级: 1
石头: 4
呼符: 7
体力: 32.4 / 20
友情点: 0 / 4010`
_2025-01-27 07:27:09_
--------
*3324fa69471d203db0ef7fb0799ade3d*
`登陆天数: 1天 / 1天
等级: 1
石头: 4
呼符: 5
体力: 23.8 / 20
友情点: 0 / 4010`
_2025-01-27 07:27:17_
--------
