【登录信息】
*789a5f333977912cc5de4ca3e10c8482*
`登陆天数: 2天 / 2天
等级: 1
石头: 4
呼符: 7
体力: 170.1 / 20
友情点: 0 / 10`
*連続ログイン2日目
※ログインが途切れるか、7日到達すると
1日目から再開されます*
`聖晶石 X 1
1月交換券(2025) X 1
`_2025-01-27 19:32:39_
--------
*225bc7ac4aaa1e606a628e990fe2d398*
`登陆天数: 2天 / 2天
等级: 1
石头: 4
呼符: 7
体力: 174.34666666666666 / 20
友情点: 0 / 10`
*連続ログイン2日目
※ログインが途切れるか、7日到達すると
1日目から再開されます*
`聖晶石 X 1
1月交換券(2025) X 1
`_2025-01-27 19:32:47_
--------
*962012d09b8170d912f0669f6d7d9d07*
`登陆天数: 2天 / 2天
等级: 1
石头: 4
呼符: 7
体力: 177.55 / 20
友情点: 0 / 10`
*連続ログイン2日目
※ログインが途切れるか、7日到達すると
1日目から再開されます*
`聖晶石 X 1
1月交換券(2025) X 1
`_2025-01-27 19:32:55_
--------
*3324fa69471d203db0ef7fb0799ade3d*
`登陆天数: 2天 / 2天
等级: 1
石头: 4
呼符: 7
体力: 168.95 / 20
友情点: 0 / 10`
*連続ログイン2日目
※ログインが途切れるか、7日到達すると
1日目から再開されます*
`聖晶石 X 1
1月交換券(2025) X 1
`_2025-01-27 19:33:02_
--------
