【登录信息】
*789a5f333977912cc5de4ca3e10c8482*
`登陆天数: 3天 / 3天
等级: 1
石头: 8
呼符: 12
体力: 458.1433333333333 / 20
友情点: 0 / 10`
*連続ログイン3日目
※ログインが途切れるか、7日到達すると
1日目から再開されます*
`叡智の業火 X 1
1月交換券(2025) X 1
`_2025-01-28 19:32:53_
--------
*225bc7ac4aaa1e606a628e990fe2d398*
`登陆天数: 3天 / 3天
等级: 1
石头: 8
呼符: 12
体力: 462.39 / 20
友情点: 0 / 10`
*連続ログイン3日目
※ログインが途切れるか、7日到達すると
1日目から再開されます*
`叡智の業火 X 1
1月交換券(2025) X 1
`_2025-01-28 19:33:00_
--------
*962012d09b8170d912f0669f6d7d9d07*
`登陆天数: 3天 / 3天
等级: 1
石头: 8
呼符: 12
体力: 465.5933333333333 / 20
友情点: 0 / 10`
*連続ログイン3日目
※ログインが途切れるか、7日到達すると
1日目から再開されます*
`叡智の業火 X 1
1月交換券(2025) X 1
`_2025-01-28 19:33:08_
--------
*3324fa69471d203db0ef7fb0799ade3d*
`登陆天数: 3天 / 3天
等级: 1
石头: 8
呼符: 12
体力: 456.99333333333334 / 20
友情点: 0 / 10`
*連続ログイン3日目
※ログインが途切れるか、7日到達すると
1日目から再開されます*
`叡智の業火 X 1
1月交換券(2025) X 1
`_2025-01-28 19:33:15_
--------
