【登录信息】
*789a5f333977912cc5de4ca3e10c8482*
`登陆天数: 4天 / 4天
等级: 1
石头: 13
呼符: 17
体力: 746.15 / 20
友情点: 0 / 10`
*連続ログイン4日目
※ログインが途切れるか、7日到達すると
1日目から再開されます*
`聖晶石 X 1
1月交換券(2025) X 1
`_2025-01-29 19:32:55_
--------
*225bc7ac4aaa1e606a628e990fe2d398*
`登陆天数: 4天 / 4天
等级: 1
石头: 13
呼符: 17
体力: 750.4 / 20
友情点: 0 / 10`
*連続ログイン4日目
※ログインが途切れるか、7日到達すると
1日目から再開されます*
`聖晶石 X 1
1月交換券(2025) X 1
`_2025-01-29 19:33:03_
--------
*962012d09b8170d912f0669f6d7d9d07*
`登陆天数: 4天 / 4天
等级: 1
石头: 13
呼符: 17
体力: 753.6 / 20
友情点: 0 / 10`
*連続ログイン4日目
※ログインが途切れるか、7日到達すると
1日目から再開されます*
`聖晶石 X 1
1月交換券(2025) X 1
`_2025-01-29 19:33:10_
--------
*3324fa69471d203db0ef7fb0799ade3d*
`登陆天数: 4天 / 4天
等级: 1
石头: 13
呼符: 17
体力: 745.0033333333333 / 20
友情点: 0 / 10`
*連続ログイン4日目
※ログインが途切れるか、7日到達すると
1日目から再開されます*
`聖晶石 X 1
1月交換券(2025) X 1
`_2025-01-29 19:33:18_
--------
