【登录信息】
*789a5f333977912cc5de4ca3e10c8482*
`登陆天数: 5天 / 5天
等级: 1
石头: 26
呼符: 17
体力: 1034.0366666666666 / 20
友情点: 0 / 10`
*連続ログイン5日目
※ログインが途切れるか、7日到達すると
1日目から再開されます*
`叡智の業火 X 2
1月交換券(2025) X 1
`_2025-01-30 19:32:21_
--------
*225bc7ac4aaa1e606a628e990fe2d398*
`登陆天数: 5天 / 5天
等级: 1
石头: 26
呼符: 17
体力: 1038.2833333333333 / 20
友情点: 0 / 10`
*連続ログイン5日目
※ログインが途切れるか、7日到達すると
1日目から再開されます*
`叡智の業火 X 2
1月交換券(2025) X 1
`_2025-01-30 19:32:28_
--------
*962012d09b8170d912f0669f6d7d9d07*
`登陆天数: 5天 / 5天
等级: 1
石头: 26
呼符: 17
体力: 1041.4866666666667 / 20
友情点: 0 / 10`
*連続ログイン5日目
※ログインが途切れるか、7日到達すると
1日目から再開されます*
`叡智の業火 X 2
1月交換券(2025) X 1
`_2025-01-30 19:32:36_
--------
*3324fa69471d203db0ef7fb0799ade3d*
`登陆天数: 5天 / 5天
等级: 1
石头: 26
呼符: 17
体力: 1032.8866666666668 / 20
友情点: 0 / 10`
*連続ログイン5日目
※ログインが途切れるか、7日到達すると
1日目から再開されます*
`叡智の業火 X 2
1月交換券(2025) X 1
`_2025-01-30 19:32:43_
--------
